cl : Befehlszeile warning D9025: "/sdl" wird durch "/GS-" überschrieben
  DBFuncs.cpp
c:\users\bilbo\source\repos\informatik_1_maxim_walther\informatik_1_maxim_walther\dbfuncs.cpp(62): warning C4244: "=": Konvertierung von "double" in "int", möglicher Datenverlust
c:\users\bilbo\source\repos\informatik_1_maxim_walther\informatik_1_maxim_walther\dbfuncs.cpp(87): warning C4129: "c": nicht erkannte Folge von Escapesequenz
c:\users\bilbo\source\repos\informatik_1_maxim_walther\informatik_1_maxim_walther\dbfuncs.cpp(69): warning C4996: 'scanf': This function or variable may be unsafe. Consider using scanf_s instead. To disable deprecation, use _CRT_SECURE_NO_WARNINGS. See online help for details.
  c:\program files (x86)\windows kits\10\include\10.0.22621.0\ucrt\stdio.h(1276): note: Siehe Deklaration von "scanf"
c:\users\bilbo\source\repos\informatik_1_maxim_walther\informatik_1_maxim_walther\dbfuncs.cpp(76): warning C4996: 'scanf': This function or variable may be unsafe. Consider using scanf_s instead. To disable deprecation, use _CRT_SECURE_NO_WARNINGS. See online help for details.
  c:\program files (x86)\windows kits\10\include\10.0.22621.0\ucrt\stdio.h(1276): note: Siehe Deklaration von "scanf"
c:\users\bilbo\source\repos\informatik_1_maxim_walther\informatik_1_maxim_walther\dbfuncs.cpp(91): warning C4996: 'scanf': This function or variable may be unsafe. Consider using scanf_s instead. To disable deprecation, use _CRT_SECURE_NO_WARNINGS. See online help for details.
  c:\program files (x86)\windows kits\10\include\10.0.22621.0\ucrt\stdio.h(1276): note: Siehe Deklaration von "scanf"
c:\users\bilbo\source\repos\informatik_1_maxim_walther\informatik_1_maxim_walther\dbfuncs.cpp(27): warning C4101: "tempfield": Unreferenzierte lokale Variable
c:\users\bilbo\source\repos\informatik_1_maxim_walther\informatik_1_maxim_walther\dbfuncs.cpp(116): warning C4129: "c": nicht erkannte Folge von Escapesequenz
c:\users\bilbo\source\repos\informatik_1_maxim_walther\informatik_1_maxim_walther\dbfuncs.cpp(119): warning C4244: "=": Konvertierung von "double" in "int", möglicher Datenverlust
c:\users\bilbo\source\repos\informatik_1_maxim_walther\informatik_1_maxim_walther\dbfuncs.cpp(142): warning C4996: 'strcpy': This function or variable may be unsafe. Consider using strcpy_s instead. To disable deprecation, use _CRT_SECURE_NO_WARNINGS. See online help for details.
  c:\program files (x86)\windows kits\10\include\10.0.22621.0\ucrt\string.h(130): note: Siehe Deklaration von "strcpy"
c:\users\bilbo\source\repos\informatik_1_maxim_walther\informatik_1_maxim_walther\dbfuncs.cpp(146): warning C4996: 'strcpy': This function or variable may be unsafe. Consider using strcpy_s instead. To disable deprecation, use _CRT_SECURE_NO_WARNINGS. See online help for details.
  c:\program files (x86)\windows kits\10\include\10.0.22621.0\ucrt\string.h(130): note: Siehe Deklaration von "strcpy"
c:\users\bilbo\source\repos\informatik_1_maxim_walther\informatik_1_maxim_walther\dbfuncs.cpp(151): warning C4129: "c": nicht erkannte Folge von Escapesequenz
c:\users\bilbo\source\repos\informatik_1_maxim_walther\informatik_1_maxim_walther\dbfuncs.cpp(154): warning C4244: "=": Konvertierung von "double" in "int", möglicher Datenverlust
c:\users\bilbo\source\repos\informatik_1_maxim_walther\informatik_1_maxim_walther\dbfuncs.cpp(124): warning C4996: 'scanf': This function or variable may be unsafe. Consider using scanf_s instead. To disable deprecation, use _CRT_SECURE_NO_WARNINGS. See online help for details.
  c:\program files (x86)\windows kits\10\include\10.0.22621.0\ucrt\stdio.h(1276): note: Siehe Deklaration von "scanf"
c:\users\bilbo\source\repos\informatik_1_maxim_walther\informatik_1_maxim_walther\dbfuncs.cpp(130): warning C4101: "j": Unreferenzierte lokale Variable
c:\users\bilbo\source\repos\informatik_1_maxim_walther\informatik_1_maxim_walther\dbfuncs.cpp(271): warning C4129: "c": nicht erkannte Folge von Escapesequenz
c:\users\bilbo\source\repos\informatik_1_maxim_walther\informatik_1_maxim_walther\dbfuncs.cpp(280): warning C4244: "Initialisierung": Konvertierung von "double" in "int", möglicher Datenverlust
c:\users\bilbo\source\repos\informatik_1_maxim_walther\informatik_1_maxim_walther\dbfuncs.cpp(291): warning C4996: 'strcpy': This function or variable may be unsafe. Consider using strcpy_s instead. To disable deprecation, use _CRT_SECURE_NO_WARNINGS. See online help for details.
  c:\program files (x86)\windows kits\10\include\10.0.22621.0\ucrt\string.h(130): note: Siehe Deklaration von "strcpy"
c:\users\bilbo\source\repos\informatik_1_maxim_walther\informatik_1_maxim_walther\dbfuncs.cpp(299): warning C4996: 'strcpy': This function or variable may be unsafe. Consider using strcpy_s instead. To disable deprecation, use _CRT_SECURE_NO_WARNINGS. See online help for details.
  c:\program files (x86)\windows kits\10\include\10.0.22621.0\ucrt\string.h(130): note: Siehe Deklaration von "strcpy"
c:\users\bilbo\source\repos\informatik_1_maxim_walther\informatik_1_maxim_walther\dbfuncs.cpp(307): warning C4996: 'strcpy': This function or variable may be unsafe. Consider using strcpy_s instead. To disable deprecation, use _CRT_SECURE_NO_WARNINGS. See online help for details.
  c:\program files (x86)\windows kits\10\include\10.0.22621.0\ucrt\string.h(130): note: Siehe Deklaration von "strcpy"
c:\users\bilbo\source\repos\informatik_1_maxim_walther\informatik_1_maxim_walther\dbfuncs.cpp(279): warning C4996: 'scanf': This function or variable may be unsafe. Consider using scanf_s instead. To disable deprecation, use _CRT_SECURE_NO_WARNINGS. See online help for details.
  c:\program files (x86)\windows kits\10\include\10.0.22621.0\ucrt\stdio.h(1276): note: Siehe Deklaration von "scanf"
c:\users\bilbo\source\repos\informatik_1_maxim_walther\informatik_1_maxim_walther\dbfuncs.cpp(290): warning C4996: 'scanf': This function or variable may be unsafe. Consider using scanf_s instead. To disable deprecation, use _CRT_SECURE_NO_WARNINGS. See online help for details.
  c:\program files (x86)\windows kits\10\include\10.0.22621.0\ucrt\stdio.h(1276): note: Siehe Deklaration von "scanf"
c:\users\bilbo\source\repos\informatik_1_maxim_walther\informatik_1_maxim_walther\dbfuncs.cpp(298): warning C4996: 'scanf': This function or variable may be unsafe. Consider using scanf_s instead. To disable deprecation, use _CRT_SECURE_NO_WARNINGS. See online help for details.
  c:\program files (x86)\windows kits\10\include\10.0.22621.0\ucrt\stdio.h(1276): note: Siehe Deklaration von "scanf"
c:\users\bilbo\source\repos\informatik_1_maxim_walther\informatik_1_maxim_walther\dbfuncs.cpp(306): warning C4996: 'scanf': This function or variable may be unsafe. Consider using scanf_s instead. To disable deprecation, use _CRT_SECURE_NO_WARNINGS. See online help for details.
  c:\program files (x86)\windows kits\10\include\10.0.22621.0\ucrt\stdio.h(1276): note: Siehe Deklaration von "scanf"
c:\users\bilbo\source\repos\informatik_1_maxim_walther\informatik_1_maxim_walther\dbfuncs.cpp(237): warning C4101: "input": Unreferenzierte lokale Variable
c:\users\bilbo\source\repos\informatik_1_maxim_walther\informatik_1_maxim_walther\dbfuncs.cpp(240): warning C4101: "tempfield": Unreferenzierte lokale Variable
c:\users\bilbo\source\repos\informatik_1_maxim_walther\informatik_1_maxim_walther\dbfuncs.cpp(239): warning C4101: "key": Unreferenzierte lokale Variable
c:\users\bilbo\source\repos\informatik_1_maxim_walther\informatik_1_maxim_walther\dbfuncs.cpp(323): warning C4996: 'fopen': This function or variable may be unsafe. Consider using fopen_s instead. To disable deprecation, use _CRT_SECURE_NO_WARNINGS. See online help for details.
  c:\program files (x86)\windows kits\10\include\10.0.22621.0\ucrt\stdio.h(213): note: Siehe Deklaration von "fopen"
c:\users\bilbo\source\repos\informatik_1_maxim_walther\informatik_1_maxim_walther\dbfuncs.cpp(339): warning C4996: 'fopen': This function or variable may be unsafe. Consider using fopen_s instead. To disable deprecation, use _CRT_SECURE_NO_WARNINGS. See online help for details.
  c:\program files (x86)\windows kits\10\include\10.0.22621.0\ucrt\stdio.h(213): note: Siehe Deklaration von "fopen"
c:\users\bilbo\source\repos\informatik_1_maxim_walther\informatik_1_maxim_walther\dbfuncs.cpp(356): warning C4996: 'fopen': This function or variable may be unsafe. Consider using fopen_s instead. To disable deprecation, use _CRT_SECURE_NO_WARNINGS. See online help for details.
  c:\program files (x86)\windows kits\10\include\10.0.22621.0\ucrt\stdio.h(213): note: Siehe Deklaration von "fopen"
